project_tobeto/build/app/intermediates/manifest_merge_blame_file/debug/manifest-merger-blame-debug-report.txt
1<?xml version="1.0" encoding="utf-8"?>
2<manifest xmlns:android="http://schemas.android.com/apk/res/android"
3    package="com.example.project_tobeto"
4    android:versionCode="1"
5    android:versionName="1.0.0" >
6
7    <uses-sdk
8        android:minSdkVersion="19"
9        android:targetSdkVersion="33" />
10    <!--
11         The INTERNET permission is required for development. Specifically,
12         the Flutter tool needs it to communicate with the running application
13         to allow setting breakpoints, to provide hot reload, etc.
14    -->
15    <uses-permission android:name="android.permission.INTERNET" />
15-->src\debug\AndroidManifest.xml:6:5-66
15-->src\debug\AndroidManifest.xml:6:22-64
16    <uses-permission android:name="android.permission.ACCESS_NETWORK_STATE" />
16-->[com.google.firebase:firebase-auth:22.3.1] AndroidManifest.xml:26:5-79
16-->[com.google.firebase:firebase-auth:22.3.1] AndroidManifest.xml:26:22-76
17    <uses-permission android:name="com.google.android.providers.gsf.permission.READ_GSERVICES" />
17-->[com.google.android.recaptcha:recaptcha:18.4.0] AndroidManifest.xml:9:5-98
17-->[com.google.android.recaptcha:recaptcha:18.4.0] AndroidManifest.xml:9:22-95
18
19    <permission
19-->[androidx.core:core:1.10.1] AndroidManifest.xml:22:5-24:47
20        android:name="com.example.project_tobeto.DYNAMIC_RECEIVER_NOT_EXPORTED_PERMISSION"
20-->[androidx.core:core:1.10.1] AndroidManifest.xml:23:9-81
21        android:protectionLevel="signature" />
21-->[androidx.core:core:1.10.1] AndroidManifest.xml:24:9-44
22
23    <uses-permission android:name="com.example.project_tobeto.DYNAMIC_RECEIVER_NOT_EXPORTED_PERMISSION" />
23-->[androidx.core:core:1.10.1] AndroidManifest.xml:26:5-97
23-->[androidx.core:core:1.10.1] AndroidManifest.xml:26:22-94
24
25    <application
26        android:name="android.app.Application"
27        android:appComponentFactory="androidx.core.app.CoreComponentFactory"
27-->[androidx.core:core:1.10.1] AndroidManifest.xml:28:18-86
28        android:debuggable="true"
29        android:icon="@mipmap/ic_launcher"
30        android:label="project_tobeto" >
31        <activity
32            android:name="com.example.project_tobeto.MainActivity"
33            android:configChanges="orientation|keyboardHidden|keyboard|screenSize|smallestScreenSize|locale|layoutDirection|fontScale|screenLayout|density|uiMode"
34            android:exported="true"
35            android:hardwareAccelerated="true"
36            android:launchMode="singleTop"
37            android:theme="@style/LaunchTheme"
38            android:windowSoftInputMode="adjustResize" >
39
40            <!--
41                 Specifies an Android theme to apply to this Activity as soon as
42                 the Android process has started. This theme is visible to the user
43                 while the Flutter UI initializes. After that, this theme continues
44                 to determine the Window background behind the Flutter UI.
45            -->
46            <meta-data
47                android:name="io.flutter.embedding.android.NormalTheme"
48                android:resource="@style/NormalTheme" />
49
50            <intent-filter>
51                <action android:name="android.intent.action.MAIN" />
52
53                <category android:name="android.intent.category.LAUNCHER" />
54            </intent-filter>
55        </activity>
56        <!--
57             Don't delete the meta-data below.
58             This is used by the Flutter tool to generate GeneratedPluginRegistrant.java
59        -->
60        <meta-data
61            android:name="flutterEmbedding"
62            android:value="2" />
63
64        <service
64-->[:firebase_auth] AndroidManifest.xml:10:9-14:19
65            android:name="com.google.firebase.components.ComponentDiscoveryService"
65-->[:firebase_auth] AndroidManifest.xml:10:18-89
66            android:directBootAware="true"
66-->[com.google.firebase:firebase-common:20.4.2] AndroidManifest.xml:32:13-43
67            android:exported="false" >
67-->[com.google.firebase:firebase-auth:22.3.1] AndroidManifest.xml:68:13-37
68            <meta-data
68-->[:firebase_auth] AndroidManifest.xml:11:13-13:85
69                android:name="com.google.firebase.components:io.flutter.plugins.firebase.auth.FlutterFirebaseAuthRegistrar"
69-->[:firebase_auth] AndroidManifest.xml:12:17-124
70                android:value="com.google.firebase.components.ComponentRegistrar" />
70-->[:firebase_auth] AndroidManifest.xml:13:17-82
71            <meta-data
71-->[:firebase_storage] AndroidManifest.xml:11:13-13:85
72                android:name="com.google.firebase.components:io.flutter.plugins.firebase.storage.FlutterFirebaseAppRegistrar"
72-->[:firebase_storage] AndroidManifest.xml:12:17-126
73                android:value="com.google.firebase.components.ComponentRegistrar" />
73-->[:firebase_storage] AndroidManifest.xml:13:17-82
74            <meta-data
74-->[:cloud_firestore] AndroidManifest.xml:11:13-13:85
75                android:name="com.google.firebase.components:io.flutter.plugins.firebase.firestore.FlutterFirebaseFirestoreRegistrar"
75-->[:cloud_firestore] AndroidManifest.xml:12:17-134
76                android:value="com.google.firebase.components.ComponentRegistrar" />
76-->[:cloud_firestore] AndroidManifest.xml:13:17-82
77            <meta-data
77-->[:firebase_core] AndroidManifest.xml:11:13-13:85
78                android:name="com.google.firebase.components:io.flutter.plugins.firebase.core.FlutterFirebaseCoreRegistrar"
78-->[:firebase_core] AndroidManifest.xml:12:17-124
79                android:value="com.google.firebase.components.ComponentRegistrar" />
79-->[:firebase_core] AndroidManifest.xml:13:17-82
80            <meta-data
80-->[com.google.firebase:firebase-auth:22.3.1] AndroidManifest.xml:69:13-71:85
81                android:name="com.google.firebase.components:com.google.firebase.auth.FirebaseAuthRegistrar"
81-->[com.google.firebase:firebase-auth:22.3.1] AndroidManifest.xml:70:17-109
82                android:value="com.google.firebase.components.ComponentRegistrar" />
82-->[com.google.firebase:firebase-auth:22.3.1] AndroidManifest.xml:71:17-82
83            <meta-data
83-->[com.google.firebase:firebase-firestore:24.10.1] AndroidManifest.xml:17:13-19:85
84                android:name="com.google.firebase.components:com.google.firebase.firestore.FirebaseFirestoreKtxRegistrar"
84-->[com.google.firebase:firebase-firestore:24.10.1] AndroidManifest.xml:18:17-122
85                android:value="com.google.firebase.components.ComponentRegistrar" />
85-->[com.google.firebase:firebase-firestore:24.10.1] AndroidManifest.xml:19:17-82
86            <meta-data
86-->[com.google.firebase:firebase-firestore:24.10.1] AndroidManifest.xml:20:13-22:85
87                android:name="com.google.firebase.components:com.google.firebase.firestore.FirestoreRegistrar"
87-->[com.google.firebase:firebase-firestore:24.10.1] AndroidManifest.xml:21:17-111
88                android:value="com.google.firebase.components.ComponentRegistrar" />
88-->[com.google.firebase:firebase-firestore:24.10.1] AndroidManifest.xml:22:17-82
89            <meta-data
89-->[com.google.firebase:firebase-storage:20.3.0] AndroidManifest.xml:30:13-32:85
90                android:name="com.google.firebase.components:com.google.firebase.storage.FirebaseStorageKtxRegistrar"
90-->[com.google.firebase:firebase-storage:20.3.0] AndroidManifest.xml:31:17-118
91                android:value="com.google.firebase.components.ComponentRegistrar" />
91-->[com.google.firebase:firebase-storage:20.3.0] AndroidManifest.xml:32:17-82
92            <meta-data
92-->[com.google.firebase:firebase-storage:20.3.0] AndroidManifest.xml:33:13-35:85
93                android:name="com.google.firebase.components:com.google.firebase.storage.StorageRegistrar"
93-->[com.google.firebase:firebase-storage:20.3.0] AndroidManifest.xml:34:17-107
94                android:value="com.google.firebase.components.ComponentRegistrar" />
94-->[com.google.firebase:firebase-storage:20.3.0] AndroidManifest.xml:35:17-82
95            <meta-data
95-->[com.google.firebase:firebase-appcheck:17.1.1] AndroidManifest.xml:25:13-27:85
96                android:name="com.google.firebase.components:com.google.firebase.appcheck.FirebaseAppCheckKtxRegistrar"
96-->[com.google.firebase:firebase-appcheck:17.1.1] AndroidManifest.xml:26:17-120
97                android:value="com.google.firebase.components.ComponentRegistrar" />
97-->[com.google.firebase:firebase-appcheck:17.1.1] AndroidManifest.xml:27:17-82
98            <meta-data
98-->[com.google.firebase:firebase-appcheck:17.1.1] AndroidManifest.xml:28:13-30:85
99                android:name="com.google.firebase.components:com.google.firebase.appcheck.FirebaseAppCheckRegistrar"
99-->[com.google.firebase:firebase-appcheck:17.1.1] AndroidManifest.xml:29:17-117
100                android:value="com.google.firebase.components.ComponentRegistrar" />
100-->[com.google.firebase:firebase-appcheck:17.1.1] AndroidManifest.xml:30:17-82
101            <meta-data
101-->[com.google.firebase:firebase-common-ktx:20.4.2] AndroidManifest.xml:12:13-14:85
102                android:name="com.google.firebase.components:com.google.firebase.ktx.FirebaseCommonLegacyRegistrar"
102-->[com.google.firebase:firebase-common-ktx:20.4.2] AndroidManifest.xml:13:17-116
103                android:value="com.google.firebase.components.ComponentRegistrar" />
103-->[com.google.firebase:firebase-common-ktx:20.4.2] AndroidManifest.xml:14:17-82
104            <meta-data
104-->[com.google.firebase:firebase-common:20.4.2] AndroidManifest.xml:35:13-37:85
105                android:name="com.google.firebase.components:com.google.firebase.FirebaseCommonKtxRegistrar"
105-->[com.google.firebase:firebase-common:20.4.2] AndroidManifest.xml:36:17-109
106                android:value="com.google.firebase.components.ComponentRegistrar" />
106-->[com.google.firebase:firebase-common:20.4.2] AndroidManifest.xml:37:17-82
107        </service>
108
109        <provider
109-->[:image_picker_android] AndroidManifest.xml:10:9-18:20
110            android:name="io.flutter.plugins.imagepicker.ImagePickerFileProvider"
110-->[:image_picker_android] AndroidManifest.xml:11:13-82
111            android:authorities="com.example.project_tobeto.flutter.image_provider"
111-->[:image_picker_android] AndroidManifest.xml:12:13-74
112            android:exported="false"
112-->[:image_picker_android] AndroidManifest.xml:13:13-37
113            android:grantUriPermissions="true" >
113-->[:image_picker_android] AndroidManifest.xml:14:13-47
114            <meta-data
114-->[:image_picker_android] AndroidManifest.xml:15:13-17:75
115                android:name="android.support.FILE_PROVIDER_PATHS"
115-->[:image_picker_android] AndroidManifest.xml:16:17-67
116                android:resource="@xml/flutter_image_picker_file_paths" />
116-->[:image_picker_android] AndroidManifest.xml:17:17-72
117        </provider>
118
119        <activity
119-->[com.google.firebase:firebase-auth:22.3.1] AndroidManifest.xml:29:9-46:20
120            android:name="com.google.firebase.auth.internal.GenericIdpActivity"
120-->[com.google.firebase:firebase-auth:22.3.1] AndroidManifest.xml:30:13-80
121            android:excludeFromRecents="true"
121-->[com.google.firebase:firebase-auth:22.3.1] AndroidManifest.xml:31:13-46
122            android:exported="true"
122-->[com.google.firebase:firebase-auth:22.3.1] AndroidManifest.xml:32:13-36
123            android:launchMode="singleTask"
123-->[com.google.firebase:firebase-auth:22.3.1] AndroidManifest.xml:33:13-44
124            android:theme="@android:style/Theme.Translucent.NoTitleBar" >
124-->[com.google.firebase:firebase-auth:22.3.1] AndroidManifest.xml:34:13-72
125            <intent-filter>
125-->[com.google.firebase:firebase-auth:22.3.1] AndroidManifest.xml:35:13-45:29
126                <action android:name="android.intent.action.VIEW" />
126-->[com.google.firebase:firebase-auth:22.3.1] AndroidManifest.xml:36:17-69
126-->[com.google.firebase:firebase-auth:22.3.1] AndroidManifest.xml:36:25-66
127
128                <category android:name="android.intent.category.DEFAULT" />
128-->[com.google.firebase:firebase-auth:22.3.1] AndroidManifest.xml:38:17-76
128-->[com.google.firebase:firebase-auth:22.3.1] AndroidManifest.xml:38:27-73
129                <category android:name="android.intent.category.BROWSABLE" />
129-->[com.google.firebase:firebase-auth:22.3.1] AndroidManifest.xml:39:17-78
129-->[com.google.firebase:firebase-auth:22.3.1] AndroidManifest.xml:39:27-75
130
131                <data
131-->[com.google.firebase:firebase-auth:22.3.1] AndroidManifest.xml:41:17-44:51
132                    android:host="firebase.auth"
132-->[com.google.firebase:firebase-auth:22.3.1] AndroidManifest.xml:42:21-49
133                    android:path="/"
133-->[com.google.firebase:firebase-auth:22.3.1] AndroidManifest.xml:43:21-37
134                    android:scheme="genericidp" />
134-->[com.google.firebase:firebase-auth:22.3.1] AndroidManifest.xml:44:21-48
135            </intent-filter>
136        </activity>
137        <activity
137-->[com.google.firebase:firebase-auth:22.3.1] AndroidManifest.xml:47:9-64:20
138            android:name="com.google.firebase.auth.internal.RecaptchaActivity"
138-->[com.google.firebase:firebase-auth:22.3.1] AndroidManifest.xml:48:13-79
139            android:excludeFromRecents="true"
139-->[com.google.firebase:firebase-auth:22.3.1] AndroidManifest.xml:49:13-46
140            android:exported="true"
140-->[com.google.firebase:firebase-auth:22.3.1] AndroidManifest.xml:50:13-36
141            android:launchMode="singleTask"
141-->[com.google.firebase:firebase-auth:22.3.1] AndroidManifest.xml:51:13-44
142            android:theme="@android:style/Theme.Translucent.NoTitleBar" >
142-->[com.google.firebase:firebase-auth:22.3.1] AndroidManifest.xml:52:13-72
143            <intent-filter>
143-->[com.google.firebase:firebase-auth:22.3.1] AndroidManifest.xml:53:13-63:29
144                <action android:name="android.intent.action.VIEW" />
144-->[com.google.firebase:firebase-auth:22.3.1] AndroidManifest.xml:36:17-69
144-->[com.google.firebase:firebase-auth:22.3.1] AndroidManifest.xml:36:25-66
145
146                <category android:name="android.intent.category.DEFAULT" />
146-->[com.google.firebase:firebase-auth:22.3.1] AndroidManifest.xml:38:17-76
146-->[com.google.firebase:firebase-auth:22.3.1] AndroidManifest.xml:38:27-73
147                <category android:name="android.intent.category.BROWSABLE" />
147-->[com.google.firebase:firebase-auth:22.3.1] AndroidManifest.xml:39:17-78
147-->[com.google.firebase:firebase-auth:22.3.1] AndroidManifest.xml:39:27-75
148
149                <data
149-->[com.google.firebase:firebase-auth:22.3.1] AndroidManifest.xml:41:17-44:51
150                    android:host="firebase.auth"
150-->[com.google.firebase:firebase-auth:22.3.1] AndroidManifest.xml:42:21-49
151                    android:path="/"
151-->[com.google.firebase:firebase-auth:22.3.1] AndroidManifest.xml:43:21-37
152                    android:scheme="recaptcha" />
152-->[com.google.firebase:firebase-auth:22.3.1] AndroidManifest.xml:44:21-48
153            </intent-filter>
154        </activity>
155
156        <provider
156-->[com.google.firebase:firebase-common:20.4.2] AndroidManifest.xml:23:9-28:39
157            android:name="com.google.firebase.provider.FirebaseInitProvider"
157-->[com.google.firebase:firebase-common:20.4.2] AndroidManifest.xml:24:13-77
158            android:authorities="com.example.project_tobeto.firebaseinitprovider"
158-->[com.google.firebase:firebase-common:20.4.2] AndroidManifest.xml:25:13-72
159            android:directBootAware="true"
159-->[com.google.firebase:firebase-common:20.4.2] AndroidManifest.xml:26:13-43
160            android:exported="false"
160-->[com.google.firebase:firebase-common:20.4.2] AndroidManifest.xml:27:13-37
161            android:initOrder="100" />
161-->[com.google.firebase:firebase-common:20.4.2] AndroidManifest.xml:28:13-36
162
163        <activity
163-->[com.google.android.gms:play-services-base:18.0.1] AndroidManifest.xml:20:9-22:45
164            android:name="com.google.android.gms.common.api.GoogleApiActivity"
164-->[com.google.android.gms:play-services-base:18.0.1] AndroidManifest.xml:20:19-85
165            android:exported="false"
165-->[com.google.android.gms:play-services-base:18.0.1] AndroidManifest.xml:22:19-43
166            android:theme="@android:style/Theme.Translucent.NoTitleBar" />
166-->[com.google.android.gms:play-services-base:18.0.1] AndroidManifest.xml:21:19-78
167
168        <meta-data
168-->[com.google.android.gms:play-services-basement:18.1.0] AndroidManifest.xml:21:9-23:69
169            android:name="com.google.android.gms.version"
169-->[com.google.android.gms:play-services-basement:18.1.0] AndroidManifest.xml:22:13-58
170            android:value="@integer/google_play_services_version" />
170-->[com.google.android.gms:play-services-basement:18.1.0] AndroidManifest.xml:23:13-66
171
172        <uses-library
172-->[androidx.window:window:1.0.0-beta04] AndroidManifest.xml:25:9-27:40
173            android:name="androidx.window.extensions"
173-->[androidx.window:window:1.0.0-beta04] AndroidManifest.xml:26:13-54
174            android:required="false" />
174-->[androidx.window:window:1.0.0-beta04] AndroidManifest.xml:27:13-37
175        <uses-library
175-->[androidx.window:window:1.0.0-beta04] AndroidManifest.xml:28:9-30:40
176            android:name="androidx.window.sidecar"
176-->[androidx.window:window:1.0.0-beta04] AndroidManifest.xml:29:13-51
177            android:required="false" />
177-->[androidx.window:window:1.0.0-beta04] AndroidManifest.xml:30:13-37
178
179        <provider
179-->[androidx.profileinstaller:profileinstaller:1.3.0] AndroidManifest.xml:24:9-32:20
180            android:name="androidx.startup.InitializationProvider"
180-->[androidx.profileinstaller:profileinstaller:1.3.0] AndroidManifest.xml:25:13-67
181            android:authorities="com.example.project_tobeto.androidx-startup"
181-->[androidx.profileinstaller:profileinstaller:1.3.0] AndroidManifest.xml:26:13-68
182            android:exported="false" >
182-->[androidx.profileinstaller:profileinstaller:1.3.0] AndroidManifest.xml:27:13-37
183            <meta-data
183-->[androidx.profileinstaller:profileinstaller:1.3.0] AndroidManifest.xml:29:13-31:52
184                android:name="androidx.profileinstaller.ProfileInstallerInitializer"
184-->[androidx.profileinstaller:profileinstaller:1.3.0] AndroidManifest.xml:30:17-85
185                android:value="androidx.startup" />
185-->[androidx.profileinstaller:profileinstaller:1.3.0] AndroidManifest.xml:31:17-49
186        </provider>
187
188        <receiver
188-->[androidx.profileinstaller:profileinstaller:1.3.0] AndroidManifest.xml:34:9-52:20
189            android:name="androidx.profileinstaller.ProfileInstallReceiver"
189-->[androidx.profileinstaller:profileinstaller:1.3.0] AndroidManifest.xml:35:13-76
190            android:directBootAware="false"
190-->[androidx.profileinstaller:profileinstaller:1.3.0] AndroidManifest.xml:36:13-44
191            android:enabled="true"
191-->[androidx.profileinstaller:profileinstaller:1.3.0] AndroidManifest.xml:37:13-35
192            android:exported="true"
192-->[androidx.profileinstaller:profileinstaller:1.3.0] AndroidManifest.xml:38:13-36
193            android:permission="android.permission.DUMP" >
193-->[androidx.profileinstaller:profileinstaller:1.3.0] AndroidManifest.xml:39:13-57
194            <intent-filter>
194-->[androidx.profileinstaller:profileinstaller:1.3.0] AndroidManifest.xml:40:13-42:29
195                <action android:name="androidx.profileinstaller.action.INSTALL_PROFILE" />
195-->[androidx.profileinstaller:profileinstaller:1.3.0] AndroidManifest.xml:41:17-91
195-->[androidx.profileinstaller:profileinstaller:1.3.0] AndroidManifest.xml:41:25-88
196            </intent-filter>
197            <intent-filter>
197-->[androidx.profileinstaller:profileinstaller:1.3.0] AndroidManifest.xml:43:13-45:29
198                <action android:name="androidx.profileinstaller.action.SKIP_FILE" />
198-->[androidx.profileinstaller:profileinstaller:1.3.0] AndroidManifest.xml:44:17-85
198-->[androidx.profileinstaller:profileinstaller:1.3.0] AndroidManifest.xml:44:25-82
199            </intent-filter>
200            <intent-filter>
200-->[androidx.profileinstaller:profileinstaller:1.3.0] AndroidManifest.xml:46:13-48:29
201                <action android:name="androidx.profileinstaller.action.SAVE_PROFILE" />
201-->[androidx.profileinstaller:profileinstaller:1.3.0] AndroidManifest.xml:47:17-88
201-->[androidx.profileinstaller:profileinstaller:1.3.0] AndroidManifest.xml:47:25-85
202            </intent-filter>
203            <intent-filter>
203-->[androidx.profileinstaller:profileinstaller:1.3.0] AndroidManifest.xml:49:13-51:29
204                <action android:name="androidx.profileinstaller.action.BENCHMARK_OPERATION" />
204-->[androidx.profileinstaller:profileinstaller:1.3.0] AndroidManifest.xml:50:17-95
204-->[androidx.profileinstaller:profileinstaller:1.3.0] AndroidManifest.xml:50:25-92
205            </intent-filter>
206        </receiver>
207    </application>
208
209</manifest>